<?xml version="1.0" encoding="UTF-8"?>
<testng-results ignored="0" total="1" passed="1" failed="0" skipped="0">
  <reporter-output>
  </reporter-output>
  <suite started-at="2021-11-26T09:22:41 IST" name="Suite" finished-at="2021-11-26T09:22:42 IST" duration-ms="828">
    <groups>
    </groups>
    <test started-at="2021-11-26T09:22:41 IST" name="Test" finished-at="2021-11-26T09:22:42 IST" duration-ms="828">
      <class name="test.TestClass">
        <test-method signature="test1()[pri:0, instance:test.TestClass@2df9b86]" started-at="2021-11-26T09:22:42 IST" name="test1" finished-at="2021-11-26T09:22:42 IST" duration-ms="73" status="PASS">
          <reporter-output>
          </reporter-output>
        </test-method> <!-- test1 -->
      </class> <!-- test.TestClass -->
    </test> <!-- Test -->
  </suite> <!-- Suite -->
</testng-results>
