<?xml version="1.0" encoding="UTF-8"?>
<testng-results ignored="0" total="1" passed="1" failed="0" skipped="0">
  <reporter-output>
  </reporter-output>
  <suite started-at="2021-11-30T09:24:24 IST" name="Suite" finished-at="2021-11-30T09:25:12 IST" duration-ms="47145">
    <groups>
    </groups>
    <test started-at="2021-11-30T09:24:24 IST" name="Test" finished-at="2021-11-30T09:25:12 IST" duration-ms="47145">
      <class name="orangeHCMAutomation.testcases.TC1_ValidLoginValidation">
        <test-method is-config="true" signature="setup()[pri:0, instance:orangeHCMAutomation.testcases.TC1_ValidLoginValidation@576d5deb]" started-at="2021-11-30T09:24:24 IST" name="setup" finished-at="2021-11-30T09:24:50 IST" duration-ms="25489" status="PASS">
          <reporter-output>
          </reporter-output>
        </test-method> <!-- setup -->
        <test-method signature="test()[pri:0, instance:orangeHCMAutomation.testcases.TC1_ValidLoginValidation@576d5deb]" started-at="2021-11-30T09:24:50 IST" name="test" finished-at="2021-11-30T09:25:07 IST" duration-ms="16910" status="PASS">
          <reporter-output>
          </reporter-output>
        </test-method> <!-- test -->
        <test-method is-config="true" signature="teardown()[pri:0, instance:orangeHCMAutomation.testcases.TC1_ValidLoginValidation@576d5deb]" started-at="2021-11-30T09:25:07 IST" name="teardown" finished-at="2021-11-30T09:25:12 IST" duration-ms="4408" status="PASS">
          <reporter-output>
          </reporter-output>
        </test-method> <!-- teardown -->
      </class> <!-- orangeHCMAutomation.testcases.TC1_ValidLoginValidation -->
    </test> <!-- Test -->
  </suite> <!-- Suite -->
</testng-results>
